Method: GET|URL: /scripts/home/index.min.js|Status: 304|Remote Address: ::1|Date: Sun, 16 Jan 2022 10:31:36 GMT|Http Version: 1.1|
Method: GET|URL: /|Status: 200|Remote Address: ::1|Date: Wed, 19 Jan 2022 09:13:11 GMT|Http Version: 1.1|
Method: GET|URL: /assets/icons/command-line-icon.gif|Status: 200|Remote Address: ::1|Date: Wed, 19 Jan 2022 09:13:11 GMT|Http Version: 1.1|
Method: GET|URL: /scripts/home/index.min.js|Status: 200|Remote Address: ::1|Date: Wed, 19 Jan 2022 09:13:11 GMT|Http Version: 1.1|
Method: GET|URL: /styles/home/styles.min.css?servefilever=09042020|Status: 200|Remote Address: ::1|Date: Wed, 19 Jan 2022 09:13:11 GMT|Http Version: 1.1|
Method: GET|URL: /assets/videos/espresso-bg.mp4|Status: 206|Remote Address: ::1|Date: Wed, 19 Jan 2022 09:13:11 GMT|Http Version: 1.1|
Method: GET|URL: /scripts/home/index.min.js|Status: 200|Remote Address: ::1|Date: Wed, 19 Jan 2022 09:13:12 GMT|Http Version: 1.1|
Method: GET|URL: /what|Status: 404|Remote Address: ::1|Date: Wed, 19 Jan 2022 09:13:18 GMT|Http Version: 1.1|
Method: GET|URL: /assets/icons/command-line-icon.gif|Status: 304|Remote Address: ::1|Date: Wed, 19 Jan 2022 09:13:18 GMT|Http Version: 1.1|
Method: GET|URL: /scripts/page-not-found/index.min.js|Status: 200|Remote Address: ::1|Date: Wed, 19 Jan 2022 09:13:18 GMT|Http Version: 1.1|
Method: GET|URL: /styles/page-not-found/styles.min.css?servefilever=09042020|Status: 200|Remote Address: ::1|Date: Wed, 19 Jan 2022 09:13:18 GMT|Http Version: 1.1|
Method: GET|URL: /assets/videos/404-bg.webm|Status: 206|Remote Address: ::1|Date: Wed, 19 Jan 2022 09:13:18 GMT|Http Version: 1.1|
Method: GET|URL: /scripts/page-not-found/index.min.js|Status: 200|Remote Address: ::1|Date: Wed, 19 Jan 2022 09:13:23 GMT|Http Version: 1.1|
Master Cluster: forked new worker (Worker ID: 1)
Master Cluster: forked new worker (Worker ID: 2)
Master Cluster: forked new worker (Worker ID: 3)
Master Cluster: forked new worker (Worker ID: 4)
Master Cluster: new worker online (Worker ID: 2)
Master Cluster: new worker online (Worker ID: 1)
Master Cluster: new worker online (Worker ID: 4)
Master Cluster: new worker online (Worker ID: 3)
Master Cluster: worker disconnected (Worder ID: 2)
Master Cluster: worker has died. (Worker Id: 2)
1
null
Master Cluster: forked new worker (Worker ID: 5)
Master Cluster: new worker online (Worker ID: 5)
Master Cluster: worker disconnected (Worder ID: 3)
Master Cluster: worker has died. (Worker Id: 3)
1
null
Master Cluster: forked new worker (Worker ID: 6)
Master Cluster: worker disconnected (Worder ID: 1)
Master Cluster: worker has died. (Worker Id: 1)
1
null
Master Cluster: forked new worker (Worker ID: 7)
Master Cluster: worker disconnected (Worder ID: 4)
Master Cluster: worker has died. (Worker Id: 4)
1
null
Master Cluster: forked new worker (Worker ID: 8)
Master Cluster: new worker online (Worker ID: 6)
Master Cluster: new worker online (Worker ID: 8)
Master Cluster: new worker online (Worker ID: 7)
Master Cluster: worker disconnected (Worder ID: 5)
Master Cluster: worker has died. (Worker Id: 5)
1
null
Master Cluster: forked new worker (Worker ID: 9)
Master Cluster: new worker online (Worker ID: 9)
Master Cluster: worker disconnected (Worder ID: 8)
Master Cluster: worker has died. (Worker Id: 8)
1
null
Master Cluster: forked new worker (Worker ID: 10)
Master Cluster: worker disconnected (Worder ID: 6)
Master Cluster: worker has died. (Worker Id: 6)
1
null
Master Cluster: forked new worker (Worker ID: 11)
Master Cluster: new worker online (Worker ID: 11)
Master Cluster: new worker online (Worker ID: 10)
Master Cluster: worker disconnected (Worder ID: 7)
Master Cluster: worker has died. (Worker Id: 7)
1
null
Master Cluster: forked new worker (Worker ID: 12)
Master Cluster: new worker online (Worker ID: 12)
Master Cluster: worker disconnected (Worder ID: 9)
Master Cluster: worker has died. (Worker Id: 9)
1
null
Master Cluster: forked new worker (Worker ID: 13)
Master Cluster: new worker online (Worker ID: 13)
Master Cluster: forked new worker (Worker ID: 1)
Master Cluster: forked new worker (Worker ID: 2)
Master Cluster: forked new worker (Worker ID: 3)
Master Cluster: forked new worker (Worker ID: 4)
Master Cluster: new worker online (Worker ID: 1)
Master Cluster: new worker online (Worker ID: 3)
Master Cluster: new worker online (Worker ID: 2)
Master Cluster: new worker online (Worker ID: 4)
Master Cluster: worker disconnected (Worder ID: 3)
Master Cluster: worker has died. (Worker Id: 3)
1
null
Master Cluster: forked new worker (Worker ID: 5)
Master Cluster: worker disconnected (Worder ID: 2)
Master Cluster: worker has died. (Worker Id: 2)
1
null
Master Cluster: forked new worker (Worker ID: 6)
Master Cluster: new worker online (Worker ID: 5)
Master Cluster: new worker online (Worker ID: 6)
Master Cluster: worker disconnected (Worder ID: 1)
Master Cluster: worker has died. (Worker Id: 1)
1
null
Master Cluster: forked new worker (Worker ID: 7)
Master Cluster: worker disconnected (Worder ID: 4)
Master Cluster: worker has died. (Worker Id: 4)
1
null
Master Cluster: forked new worker (Worker ID: 8)
Master Cluster: new worker online (Worker ID: 7)
Master Cluster: new worker online (Worker ID: 8)
Master Cluster: worker disconnected (Worder ID: 5)
Master Cluster: worker has died. (Worker Id: 5)
1
null
Master Cluster: forked new worker (Worker ID: 9)
Master Cluster: forked new worker (Worker ID: 1)
Master Cluster: forked new worker (Worker ID: 2)
Master Cluster: forked new worker (Worker ID: 3)
Master Cluster: forked new worker (Worker ID: 4)
Master Cluster: new worker online (Worker ID: 2)
Master Cluster: new worker online (Worker ID: 1)
Master Cluster: new worker online (Worker ID: 3)
Master Cluster: new worker online (Worker ID: 4)
Master Cluster: worker disconnected (Worder ID: 2)
Master Cluster: worker has died. (Worker Id: 2)
1
null
Master Cluster: forked new worker (Worker ID: 5)
Master Cluster: worker disconnected (Worder ID: 3)
Master Cluster: worker has died. (Worker Id: 3)
1
null
Master Cluster: forked new worker (Worker ID: 6)
Master Cluster: new worker online (Worker ID: 5)
Master Cluster: worker disconnected (Worder ID: 1)
Master Cluster: worker has died. (Worker Id: 1)
1
null
Master Cluster: forked new worker (Worker ID: 7)
Master Cluster: new worker online (Worker ID: 6)
Master Cluster: new worker online (Worker ID: 7)
Master Cluster: worker disconnected (Worder ID: 4)
Master Cluster: worker has died. (Worker Id: 4)
1
null
Master Cluster: forked new worker (Worker ID: 8)
Master Cluster: new worker online (Worker ID: 8)
Master Cluster: worker disconnected (Worder ID: 5)
Master Cluster: worker has died. (Worker Id: 5)
1
null
Master Cluster: forked new worker (Worker ID: 9)
Master Cluster: new worker online (Worker ID: 9)
Master Cluster: worker disconnected (Worder ID: 7)
Master Cluster: worker has died. (Worker Id: 7)
1
null
Master Cluster: forked new worker (Worker ID: 10)
Master Cluster: worker disconnected (Worder ID: 8)
Master Cluster: worker has died. (Worker Id: 8)
1
null
Master Cluster: forked new worker (Worker ID: 11)
Master Cluster: worker disconnected (Worder ID: 6)
Master Cluster: worker has died. (Worker Id: 6)
1
null
Master Cluster: forked new worker (Worker ID: 12)
Master Cluster: new worker online (Worker ID: 10)
Master Cluster: new worker online (Worker ID: 11)
Master Cluster: new worker online (Worker ID: 12)
Master Cluster: worker disconnected (Worder ID: 9)
Master Cluster: worker has died. (Worker Id: 9)
1
null
Master Cluster: forked new worker (Worker ID: 13)
Master Cluster: new worker online (Worker ID: 13)
Master Cluster: worker disconnected (Worder ID: 11)
Master Cluster: worker has died. (Worker Id: 11)
1
null
Master Cluster: forked new worker (Worker ID: 14)
Master Cluster: worker disconnected (Worder ID: 10)
Master Cluster: worker has died. (Worker Id: 10)
1
null
Master Cluster: forked new worker (Worker ID: 15)
Master Cluster: new worker online (Worker ID: 14)
Master Cluster: new worker online (Worker ID: 15)
Master Cluster: worker disconnected (Worder ID: 12)
Master Cluster: worker has died. (Worker Id: 12)
1
null
Master Cluster: forked new worker (Worker ID: 16)
Master Cluster: new worker online (Worker ID: 16)
Master Cluster: worker disconnected (Worder ID: 13)
Master Cluster: worker has died. (Worker Id: 13)
1
null
Master Cluster: forked new worker (Worker ID: 17)
Master Cluster: worker disconnected (Worder ID: 14)
Master Cluster: worker has died. (Worker Id: 14)
1
null
Master Cluster: forked new worker (Worker ID: 18)
Master Cluster: new worker online (Worker ID: 17)
Master Cluster: new worker online (Worker ID: 18)
Master Cluster: worker disconnected (Worder ID: 16)
Master Cluster: worker has died. (Worker Id: 16)
1
null
Master Cluster: forked new worker (Worker ID: 19)
Master Cluster: worker disconnected (Worder ID: 15)
Master Cluster: worker has died. (Worker Id: 15)
1
null
Master Cluster: forked new worker (Worker ID: 20)
Master Cluster: new worker online (Worker ID: 19)
Master Cluster: new worker online (Worker ID: 20)
Master Cluster: worker disconnected (Worder ID: 17)
Master Cluster: worker has died. (Worker Id: 17)
1
null
Master Cluster: forked new worker (Worker ID: 21)
Master Cluster: worker disconnected (Worder ID: 18)
Master Cluster: worker has died. (Worker Id: 18)
1
null
Master Cluster: forked new worker (Worker ID: 22)
Master Cluster: new worker online (Worker ID: 21)
Master Cluster: new worker online (Worker ID: 22)
Master Cluster: worker disconnected (Worder ID: 19)
Master Cluster: worker has died. (Worker Id: 19)
1
null
Master Cluster: forked new worker (Worker ID: 23)
Master Cluster: worker disconnected (Worder ID: 20)
Master Cluster: worker has died. (Worker Id: 20)
1
null
Master Cluster: forked new worker (Worker ID: 24)
Master Cluster: new worker online (Worker ID: 23)
Master Cluster: new worker online (Worker ID: 24)
Master Cluster: worker disconnected (Worder ID: 22)
Master Cluster: worker has died. (Worker Id: 22)
1
null
Master Cluster: forked new worker (Worker ID: 25)
Master Cluster: new worker online (Worker ID: 25)
Master Cluster: worker disconnected (Worder ID: 21)
Master Cluster: forked new worker (Worker ID: 26)
Master Cluster: worker has died. (Worker Id: 21)
1
null
Master Cluster: forked new worker (Worker ID: 2)
Master Cluster: forked new worker (Worker ID: 3)
Master Cluster: forked new worker (Worker ID: 4)
Master Cluster: forked new worker (Worker ID: 1)
Master Cluster: new worker online (Worker ID: 2)
Master Cluster: new worker online (Worker ID: 4)
Master Cluster: new worker online (Worker ID: 1)
Master Cluster: new worker online (Worker ID: 3)
Master Cluster: worker disconnected (Worder ID: 2)
Master Cluster: worker has died. (Worker Id: 2)
1
null
Master Cluster: forked new worker (Worker ID: 5)
Master Cluster: worker disconnected (Worder ID: 4)
Master Cluster: worker has died. (Worker Id: 4)
1
null
Master Cluster: forked new worker (Worker ID: 6)
Master Cluster: worker disconnected (Worder ID: 1)
Master Cluster: worker has died. (Worker Id: 1)
1
null
Master Cluster: forked new worker (Worker ID: 7)
Master Cluster: new worker online (Worker ID: 6)
Master Cluster: new worker online (Worker ID: 5)
Master Cluster: worker disconnected (Worder ID: 3)
Master Cluster: worker has died. (Worker Id: 3)
1
null
Master Cluster: forked new worker (Worker ID: 8)
Master Cluster: new worker online (Worker ID: 7)
Master Cluster: new worker online (Worker ID: 8)
Master Cluster: worker disconnected (Worder ID: 6)
Master Cluster: worker has died. (Worker Id: 6)
1
null
Master Cluster: forked new worker (Worker ID: 9)
Master Cluster: worker disconnected (Worder ID: 5)
Master Cluster: worker has died. (Worker Id: 5)
1
null
Master Cluster: forked new worker (Worker ID: 10)
Master Cluster: worker disconnected (Worder ID: 7)
Master Cluster: worker has died. (Worker Id: 7)
1
null
Master Cluster: forked new worker (Worker ID: 11)
Master Cluster: new worker online (Worker ID: 10)
Master Cluster: new worker online (Worker ID: 9)
Master Cluster: new worker online (Worker ID: 11)
Master Cluster: worker disconnected (Worder ID: 8)
Master Cluster: worker has died. (Worker Id: 8)
1
null
Master Cluster: forked new worker (Worker ID: 12)
Master Cluster: new worker online (Worker ID: 12)
Master Cluster: worker disconnected (Worder ID: 11)
Master Cluster: worker has died. (Worker Id: 11)
1
null
Master Cluster: forked new worker (Worker ID: 13)
Master Cluster: worker disconnected (Worder ID: 10)
Master Cluster: worker has died. (Worker Id: 10)
1
null
Master Cluster: forked new worker (Worker ID: 14)
Master Cluster: worker disconnected (Worder ID: 9)
Master Cluster: worker has died. (Worker Id: 9)
1
null
Master Cluster: forked new worker (Worker ID: 15)
Master Cluster: new worker online (Worker ID: 13)
Master Cluster: new worker online (Worker ID: 14)
Master Cluster: new worker online (Worker ID: 15)
Master Cluster: worker disconnected (Worder ID: 12)
Master Cluster: worker has died. (Worker Id: 12)
1
null
Master Cluster: forked new worker (Worker ID: 16)
Master Cluster: new worker online (Worker ID: 16)
Master Cluster: worker disconnected (Worder ID: 13)
Master Cluster: worker has died. (Worker Id: 13)
1
null
Master Cluster: forked new worker (Worker ID: 17)
Master Cluster: worker disconnected (Worder ID: 14)
Master Cluster: worker has died. (Worker Id: 14)
1
null
Master Cluster: forked new worker (Worker ID: 18)
Master Cluster: worker disconnected (Worder ID: 15)
Master Cluster: worker has died. (Worker Id: 15)
1
null
Master Cluster: forked new worker (Worker ID: 19)
Master Cluster: new worker online (Worker ID: 17)
Master Cluster: new worker online (Worker ID: 19)
Master Cluster: new worker online (Worker ID: 18)
Master Cluster: worker disconnected (Worder ID: 16)
Master Cluster: worker has died. (Worker Id: 16)
1
null
Master Cluster: forked new worker (Worker ID: 20)
Master Cluster: new worker online (Worker ID: 20)
Master Cluster: worker disconnected (Worder ID: 17)
Master Cluster: worker has died. (Worker Id: 17)
1
null
Master Cluster: forked new worker (Worker ID: 21)
Master Cluster: worker disconnected (Worder ID: 19)
Master Cluster: worker has died. (Worker Id: 19)
1
null
Master Cluster: forked new worker (Worker ID: 22)
Master Cluster: worker disconnected (Worder ID: 18)
Master Cluster: worker has died. (Worker Id: 18)
1
null
Master Cluster: forked new worker (Worker ID: 23)
Master Cluster: new worker online (Worker ID: 21)
Master Cluster: new worker online (Worker ID: 22)
Master Cluster: new worker online (Worker ID: 23)
Master Cluster: worker disconnected (Worder ID: 20)
Master Cluster: worker has died. (Worker Id: 20)
1
null
Master Cluster: forked new worker (Worker ID: 24)
Master Cluster: new worker online (Worker ID: 24)
Master Cluster: worker disconnected (Worder ID: 21)
Master Cluster: worker has died. (Worker Id: 21)
1
null
Master Cluster: forked new worker (Worker ID: 25)
Master Cluster: worker disconnected (Worder ID: 22)
Master Cluster: worker has died. (Worker Id: 22)
1
null
Master Cluster: forked new worker (Worker ID: 26)
Master Cluster: worker disconnected (Worder ID: 23)
Master Cluster: worker has died. (Worker Id: 23)
1
null
Master Cluster: forked new worker (Worker ID: 27)
Master Cluster: new worker online (Worker ID: 25)
Master Cluster: new worker online (Worker ID: 26)
Master Cluster: new worker online (Worker ID: 27)
Master Cluster: worker disconnected (Worder ID: 24)
Master Cluster: worker has died. (Worker Id: 24)
1
null
Master Cluster: forked new worker (Worker ID: 28)
Master Cluster: worker has died. (Worker Id: 2)
1
null
Master Cluster: worker has died. (Worker Id: 1)
1
null
Master Cluster: worker has died. (Worker Id: 4)
1
null
Master Cluster: worker has died. (Worker Id: 3)
1
null
Master Cluster: worker has died. (Worker Id: 6)
1
null
Master Cluster: worker has died. (Worker Id: 7)
1
null
Master Cluster: worker has died. (Worker Id: 5)
1
null
Master Cluster: worker has died. (Worker Id: 8)
1
null
Master Cluster: forked new worker (Worker ID: 2)
Master Cluster: forked new worker (Worker ID: 3)
Master Cluster: forked new worker (Worker ID: 4)
Master Cluster: forked new worker (Worker ID: 1)
Master Cluster: new worker online (Worker ID: 1)
Master Cluster: new worker online (Worker ID: 4)
Master Cluster: new worker online (Worker ID: 3)
Master Cluster: new worker online (Worker ID: 2)
Master Cluster: forked new worker (Worker ID: 1)
Master Cluster: forked new worker (Worker ID: 2)
Master Cluster: forked new worker (Worker ID: 3)
Master Cluster: forked new worker (Worker ID: 4)
Master Cluster: new worker online (Worker ID: 1)
Master Cluster: new worker online (Worker ID: 2)
Master Cluster: new worker online (Worker ID: 3)
Master Cluster: new worker online (Worker ID: 4)
Master Cluster: forked new worker (Worker ID: 1)
Master Cluster: forked new worker (Worker ID: 2)
Master Cluster: forked new worker (Worker ID: 3)
Master Cluster: forked new worker (Worker ID: 4)
Master Cluster: new worker online (Worker ID: 2)
Master Cluster: new worker online (Worker ID: 1)
Master Cluster: new worker online (Worker ID: 3)
Master Cluster: new worker online (Worker ID: 4)
Master Cluster: forked new worker (Worker ID: 1)
Master Cluster: forked new worker (Worker ID: 2)
Master Cluster: forked new worker (Worker ID: 3)
Master Cluster: forked new worker (Worker ID: 4)
Master Cluster: new worker online (Worker ID: 1)
Master Cluster: new worker online (Worker ID: 3)
Master Cluster: new worker online (Worker ID: 2)
Master Cluster: new worker online (Worker ID: 4)
Master Cluster: forked new worker (Worker ID: 1)
Master Cluster: forked new worker (Worker ID: 2)
Master Cluster: forked new worker (Worker ID: 3)
Master Cluster: forked new worker (Worker ID: 4)
Master Cluster: new worker online (Worker ID: 2)
Master Cluster: new worker online (Worker ID: 1)
Master Cluster: new worker online (Worker ID: 3)
Master Cluster: new worker online (Worker ID: 4)
Master Cluster: forked new worker (Worker ID: 1)
Master Cluster: forked new worker (Worker ID: 2)
Master Cluster: forked new worker (Worker ID: 3)
Master Cluster: forked new worker (Worker ID: 4)
Master Cluster: new worker online (Worker ID: 2)
Master Cluster: new worker online (Worker ID: 1)
Master Cluster: new worker online (Worker ID: 3)
Master Cluster: new worker online (Worker ID: 4)
Master Cluster: forked new worker (Worker ID: 1)
Master Cluster: forked new worker (Worker ID: 2)
Master Cluster: forked new worker (Worker ID: 3)
Master Cluster: forked new worker (Worker ID: 4)
Master Cluster: new worker online (Worker ID: 1)
Master Cluster: new worker online (Worker ID: 4)
Master Cluster: new worker online (Worker ID: 3)
Master Cluster: new worker online (Worker ID: 2)
Master Cluster: forked new worker (Worker ID: 2)
Master Cluster: forked new worker (Worker ID: 3)
Master Cluster: forked new worker (Worker ID: 4)
Master Cluster: forked new worker (Worker ID: 1)
Master Cluster: new worker online (Worker ID: 2)
Master Cluster: new worker online (Worker ID: 1)
Master Cluster: new worker online (Worker ID: 3)
Master Cluster: new worker online (Worker ID: 4)
Master Cluster: forked new worker (Worker ID: 1)
Master Cluster: forked new worker (Worker ID: 2)
Master Cluster: forked new worker (Worker ID: 3)
Master Cluster: forked new worker (Worker ID: 4)
Master Cluster: new worker online (Worker ID: 1)
Master Cluster: new worker online (Worker ID: 2)
Master Cluster: new worker online (Worker ID: 3)
Master Cluster: new worker online (Worker ID: 4)
